\BOOKMARK [1][-]{section.1}{An\341lisis de los algoritmos}{}% 1
\BOOKMARK [2][-]{subsection.1.1}{Algoritmo burbuja}{section.1}% 2
\BOOKMARK [2][-]{subsection.1.2}{Algoritmo de ordenaci\363n por insercci\363n}{section.1}% 3
\BOOKMARK [2][-]{subsection.1.3}{Algoritmo de ordenaci\363n por selecci\363n}{section.1}% 4
\BOOKMARK [2][-]{subsection.1.4}{Algoritmo de ordenaci\363n mergesort}{section.1}% 5
\BOOKMARK [2][-]{subsection.1.5}{Algoritmo de ordenaci\363n quicksort}{section.1}% 6
\BOOKMARK [2][-]{subsection.1.6}{Algoritmo de ordenaci\363n heapsort}{section.1}% 7
\BOOKMARK [2][-]{subsection.1.7}{Algoritmo floyd}{section.1}% 8
\BOOKMARK [2][-]{subsection.1.8}{Algoritmo de las torres de Hanoi}{section.1}% 9
\BOOKMARK [1][-]{section.2}{C\341lculo de la eficiencia emp\355rica}{}% 10
\BOOKMARK [2][-]{subsection.2.1}{Procedimiento}{section.2}% 11
\BOOKMARK [2][-]{subsection.2.2}{Condiciones de las mediciones}{section.2}% 12
\BOOKMARK [1][-]{section.3}{Resultados obtenidos}{}% 13
\BOOKMARK [2][-]{subsection.3.1}{Algoritmo de ordenaci\363n burbuja}{section.3}% 14
\BOOKMARK [2][-]{subsection.3.2}{Algoritmo de ordenaci\363n por inserci\363n}{section.3}% 15
\BOOKMARK [2][-]{subsection.3.3}{Algoritmo de ordenaci\363n por selecci\363n}{section.3}% 16
\BOOKMARK [2][-]{subsection.3.4}{Comparativa de los algoritmos cuadr\341ticos de ordenaci\363n}{section.3}% 17
\BOOKMARK [2][-]{subsection.3.5}{Algoritmo de ordenaci\363n mergesort}{section.3}% 18
\BOOKMARK [2][-]{subsection.3.6}{Algoritmo de ordenaci\363n quicksort}{section.3}% 19
\BOOKMARK [2][-]{subsection.3.7}{Algoritmo de ordenaci\363n heapsort}{section.3}% 20
\BOOKMARK [2][-]{subsection.3.8}{Algoritmo floyd}{section.3}% 21
\BOOKMARK [2][-]{subsection.3.9}{Algoritmo de las torres de Hanoi}{section.3}% 22
\BOOKMARK [1][-]{section.4}{Analisis de los resultados}{}% 23
\BOOKMARK [2][-]{subsection.4.1}{Comparativa de los algoritmos O\(n2\) de ordenaci\363n}{section.4}% 24
\BOOKMARK [2][-]{subsection.4.2}{Comparativa de los algoritmos nlog\(n\) de ordenaci\363n}{section.4}% 25
\BOOKMARK [2][-]{subsection.4.3}{Comparativa de los algoritmos de ordenaci\363n}{section.4}% 26
